lista.c
baralho.c
..\Fontes\baralho.c(144) : warning C4013: 'strcpy' undefined; assuming extern returning int
celulabase.c
celulaextra.c
colunavisivel.c
partida.c
..\Fontes\partida.c(81) : warning C4047: 'function' : 'LIS_tppLista' differs in levels of indirection from 'LIS_tppLista [8]'
..\Fontes\partida.c(81) : warning C4024: 'LIS_IrInicioLista' : different types for formal and actual parameter 1
..\Fontes\partida.c(57) : warning C4189: 'carta' : local variable is initialized but not referenced
..\Fontes\partida.c(58) : warning C4101: 'j' : unreferenced local variable
..\Fontes\partida.c(188) : warning C4996: 'scanf': This function or variable may be unsafe. Consider using scanf_s instead. To disable deprecation, use _CRT_SECURE_NO_WARNINGS. See online help for details.
        C:\Program Files (x86)\Microsoft Visual Studio 10.0\VC\INCLUDE\stdio.h(304) : see declaration of 'scanf'
Microsoft (R) Incremental Linker Version 10.00.40219.01
Copyright (C) Microsoft Corporation.  All rights reserved.

/OUT:..\produto\TestePartida.exe 
/INCREMENTAL:NO 
/MACHINE:IX86 
lista.obj baralho.obj celulabase.obj celulaextra.obj colunavisivel.obj 
partida.obj 
ArcaboucoTeste.lib 
